2016-04-13 12:06:43,168 [Start Help Server] INFO  org.eclipse.jetty.server.Server - jetty-8.1.16.v20140903
2016-04-13 12:07:04,308 [Start Help Server] WARN  o.e.j.u.component.AbstractLifeCycle - FAILED org.eclipse.jetty.server.nio.SelectChannelConnector$ConnectorSelectorManager@5ed704b8: java.io.IOException: Unable to establish loopback connection
java.io.IOException: Unable to establish loopback connection
	at sun.nio.ch.PipeImpl$Initializer.run(Unknown Source) ~[na:1.8.0_40]
	at sun.nio.ch.PipeImpl$Initializer.run(Unknown Source) ~[na:1.8.0_40]
	at java.security.AccessController.doPrivileged(Native Method) ~[na:1.8.0_40]
	at sun.nio.ch.PipeImpl.<init>(Unknown Source) ~[na:1.8.0_40]
	at sun.nio.ch.SelectorProviderImpl.openPipe(Unknown Source) ~[na:1.8.0_40]
	at java.nio.channels.Pipe.open(Unknown Source) ~[na:1.8.0_40]
	at sun.nio.ch.WindowsSelectorImpl.<init>(Unknown Source) ~[na:1.8.0_40]
	at sun.nio.ch.WindowsSelectorProvider.openSelector(Unknown Source) ~[na:1.8.0_40]
	at java.nio.channels.Selector.open(Unknown Source) ~[na:1.8.0_40]
	at org.eclipse.jetty.io.nio.SelectorManager$SelectSet.<init>(SelectorManager.java:416) ~[na:na]
	at org.eclipse.jetty.io.nio.SelectorManager.doStart(SelectorManager.java:261) ~[na:na]
	at org.eclipse.jetty.util.component.AbstractLifeCycle.start(AbstractLifeCycle.java:64) [org.eclipse.jetty.util_8.1.16.v20140903.jar:8.1.16.v20140903]
	at org.eclipse.jetty.util.component.AggregateLifeCycle.doStart(AggregateLifeCycle.java:81) [org.eclipse.jetty.util_8.1.16.v20140903.jar:8.1.16.v20140903]
	at org.eclipse.jetty.server.AbstractConnector.doStart(AbstractConnector.java:324) [org.eclipse.jetty.server_8.1.16.v20140903.jar:8.1.16.v20140903]
	at org.eclipse.jetty.server.nio.SelectChannelConnector.doStart(SelectChannelConnector.java:265) [org.eclipse.jetty.server_8.1.16.v20140903.jar:8.1.16.v20140903]
	at org.eclipse.jetty.util.component.AbstractLifeCycle.start(AbstractLifeCycle.java:64) [org.eclipse.jetty.util_8.1.16.v20140903.jar:8.1.16.v20140903]
	at org.eclipse.jetty.server.Server.doStart(Server.java:293) [org.eclipse.jetty.server_8.1.16.v20140903.jar:8.1.16.v20140903]
	at org.eclipse.jetty.util.component.AbstractLifeCycle.start(AbstractLifeCycle.java:64) [org.eclipse.jetty.util_8.1.16.v20140903.jar:8.1.16.v20140903]
	at org.eclipse.equinox.http.jetty.internal.HttpServerManager.updated(HttpServerManager.java:112) [org.eclipse.equinox.http.jetty_3.0.200.v20131021-1843.jar:na]
	at org.eclipse.equinox.http.jetty.internal.Activator.startServer(Activator.java:225) [org.eclipse.equinox.http.jetty_3.0.200.v20131021-1843.jar:na]
	at org.eclipse.equinox.http.jetty.JettyConfigurator.startServer(JettyConfigurator.java:45) [org.eclipse.equinox.http.jetty_3.0.200.v20131021-1843.jar:na]
	at org.eclipse.help.internal.server.JettyHelpServer$StartServerThread.run(JettyHelpServer.java:78) [org.eclipse.help.base_4.0.201.v20150204-1700.jar:na]
Caused by: java.net.ConnectException: Connection timed out: connect
	at sun.nio.ch.Net.connect0(Native Method) ~[na:1.8.0_40]
	at sun.nio.ch.Net.connect(Unknown Source) ~[na:1.8.0_40]
	at sun.nio.ch.Net.connect(Unknown Source) ~[na:1.8.0_40]
	at sun.nio.ch.SocketChannelImpl.connect(Unknown Source) ~[na:1.8.0_40]
	at java.nio.channels.SocketChannel.open(Unknown Source) ~[na:1.8.0_40]
	at sun.nio.ch.PipeImpl$Initializer$LoopbackConnector.run(Unknown Source) ~[na:1.8.0_40]
	... 22 common frames omitted
2016-04-13 12:07:04,315 [Start Help Server] WARN  o.e.j.u.component.AbstractLifeCycle - FAILED SelectChannelConnector@127.0.0.1:63703: java.io.IOException: Unable to establish loopback connection
java.io.IOException: Unable to establish loopback connection
	at sun.nio.ch.PipeImpl$Initializer.run(Unknown Source) ~[na:1.8.0_40]
	at sun.nio.ch.PipeImpl$Initializer.run(Unknown Source) ~[na:1.8.0_40]
	at java.security.AccessController.doPrivileged(Native Method) ~[na:1.8.0_40]
	at sun.nio.ch.PipeImpl.<init>(Unknown Source) ~[na:1.8.0_40]
	at sun.nio.ch.SelectorProviderImpl.openPipe(Unknown Source) ~[na:1.8.0_40]
	at java.nio.channels.Pipe.open(Unknown Source) ~[na:1.8.0_40]
	at sun.nio.ch.WindowsSelectorImpl.<init>(Unknown Source) ~[na:1.8.0_40]
	at sun.nio.ch.WindowsSelectorProvider.openSelector(Unknown Source) ~[na:1.8.0_40]
	at java.nio.channels.Selector.open(Unknown Source) ~[na:1.8.0_40]
	at org.eclipse.jetty.io.nio.SelectorManager$SelectSet.<init>(SelectorManager.java:416) ~[org.eclipse.jetty.io_8.1.16.v20140903.jar:8.1.16.v20140903]
	at org.eclipse.jetty.io.nio.SelectorManager.doStart(SelectorManager.java:261) ~[org.eclipse.jetty.io_8.1.16.v20140903.jar:8.1.16.v20140903]
	at org.eclipse.jetty.util.component.AbstractLifeCycle.start(AbstractLifeCycle.java:64) [org.eclipse.jetty.util_8.1.16.v20140903.jar:8.1.16.v20140903]
	at org.eclipse.jetty.util.component.AggregateLifeCycle.doStart(AggregateLifeCycle.java:81) ~[org.eclipse.jetty.util_8.1.16.v20140903.jar:8.1.16.v20140903]
	at org.eclipse.jetty.server.AbstractConnector.doStart(AbstractConnector.java:324) ~[org.eclipse.jetty.server_8.1.16.v20140903.jar:8.1.16.v20140903]
	at org.eclipse.jetty.server.nio.SelectChannelConnector.doStart(SelectChannelConnector.java:265) ~[org.eclipse.jetty.server_8.1.16.v20140903.jar:8.1.16.v20140903]
	at org.eclipse.jetty.util.component.AbstractLifeCycle.start(AbstractLifeCycle.java:64) [org.eclipse.jetty.util_8.1.16.v20140903.jar:8.1.16.v20140903]
	at org.eclipse.jetty.server.Server.doStart(Server.java:293) [org.eclipse.jetty.server_8.1.16.v20140903.jar:8.1.16.v20140903]
	at org.eclipse.jetty.util.component.AbstractLifeCycle.start(AbstractLifeCycle.java:64) [org.eclipse.jetty.util_8.1.16.v20140903.jar:8.1.16.v20140903]
	at org.eclipse.equinox.http.jetty.internal.HttpServerManager.updated(HttpServerManager.java:112) [org.eclipse.equinox.http.jetty_3.0.200.v20131021-1843.jar:na]
	at org.eclipse.equinox.http.jetty.internal.Activator.startServer(Activator.java:225) [org.eclipse.equinox.http.jetty_3.0.200.v20131021-1843.jar:na]
	at org.eclipse.equinox.http.jetty.JettyConfigurator.startServer(JettyConfigurator.java:45) [org.eclipse.equinox.http.jetty_3.0.200.v20131021-1843.jar:na]
	at org.eclipse.help.internal.server.JettyHelpServer$StartServerThread.run(JettyHelpServer.java:78) [org.eclipse.help.base_4.0.201.v20150204-1700.jar:na]
Caused by: java.net.ConnectException: Connection timed out: connect
	at sun.nio.ch.Net.connect0(Native Method) ~[na:1.8.0_40]
	at sun.nio.ch.Net.connect(Unknown Source) ~[na:1.8.0_40]
	at sun.nio.ch.Net.connect(Unknown Source) ~[na:1.8.0_40]
	at sun.nio.ch.SocketChannelImpl.connect(Unknown Source) ~[na:1.8.0_40]
	at java.nio.channels.SocketChannel.open(Unknown Source) ~[na:1.8.0_40]
	at sun.nio.ch.PipeImpl$Initializer$LoopbackConnector.run(Unknown Source) ~[na:1.8.0_40]
	... 22 common frames omitted
2016-04-13 12:07:04,320 [Start Help Server] WARN  o.e.j.u.component.AbstractLifeCycle - FAILED org.eclipse.jetty.server.Server@364e6c44: java.io.IOException: Unable to establish loopback connection
java.io.IOException: Unable to establish loopback connection
	at sun.nio.ch.PipeImpl$Initializer.run(Unknown Source) ~[na:1.8.0_40]
	at sun.nio.ch.PipeImpl$Initializer.run(Unknown Source) ~[na:1.8.0_40]
	at java.security.AccessController.doPrivileged(Native Method) ~[na:1.8.0_40]
	at sun.nio.ch.PipeImpl.<init>(Unknown Source) ~[na:1.8.0_40]
	at sun.nio.ch.SelectorProviderImpl.openPipe(Unknown Source) ~[na:1.8.0_40]
	at java.nio.channels.Pipe.open(Unknown Source) ~[na:1.8.0_40]
	at sun.nio.ch.WindowsSelectorImpl.<init>(Unknown Source) ~[na:1.8.0_40]
	at sun.nio.ch.WindowsSelectorProvider.openSelector(Unknown Source) ~[na:1.8.0_40]
	at java.nio.channels.Selector.open(Unknown Source) ~[na:1.8.0_40]
	at org.eclipse.jetty.io.nio.SelectorManager$SelectSet.<init>(SelectorManager.java:416) ~[org.eclipse.jetty.io_8.1.16.v20140903.jar:8.1.16.v20140903]
	at org.eclipse.jetty.io.nio.SelectorManager.doStart(SelectorManager.java:261) ~[org.eclipse.jetty.io_8.1.16.v20140903.jar:8.1.16.v20140903]
	at org.eclipse.jetty.util.component.AbstractLifeCycle.start(AbstractLifeCycle.java:64) ~[org.eclipse.jetty.util_8.1.16.v20140903.jar:8.1.16.v20140903]
	at org.eclipse.jetty.util.component.AggregateLifeCycle.doStart(AggregateLifeCycle.java:81) ~[org.eclipse.jetty.util_8.1.16.v20140903.jar:8.1.16.v20140903]
	at org.eclipse.jetty.server.AbstractConnector.doStart(AbstractConnector.java:324) ~[org.eclipse.jetty.server_8.1.16.v20140903.jar:8.1.16.v20140903]
	at org.eclipse.jetty.server.nio.SelectChannelConnector.doStart(SelectChannelConnector.java:265) ~[org.eclipse.jetty.server_8.1.16.v20140903.jar:8.1.16.v20140903]
	at org.eclipse.jetty.util.component.AbstractLifeCycle.start(AbstractLifeCycle.java:64) ~[org.eclipse.jetty.util_8.1.16.v20140903.jar:8.1.16.v20140903]
	at org.eclipse.jetty.server.Server.doStart(Server.java:293) ~[org.eclipse.jetty.server_8.1.16.v20140903.jar:8.1.16.v20140903]
	at org.eclipse.jetty.util.component.AbstractLifeCycle.start(AbstractLifeCycle.java:64) ~[org.eclipse.jetty.util_8.1.16.v20140903.jar:8.1.16.v20140903]
	at org.eclipse.equinox.http.jetty.internal.HttpServerManager.updated(HttpServerManager.java:112) [org.eclipse.equinox.http.jetty_3.0.200.v20131021-1843.jar:na]
	at org.eclipse.equinox.http.jetty.internal.Activator.startServer(Activator.java:225) [org.eclipse.equinox.http.jetty_3.0.200.v20131021-1843.jar:na]
	at org.eclipse.equinox.http.jetty.JettyConfigurator.startServer(JettyConfigurator.java:45) [org.eclipse.equinox.http.jetty_3.0.200.v20131021-1843.jar:na]
	at org.eclipse.help.internal.server.JettyHelpServer$StartServerThread.run(JettyHelpServer.java:78) [org.eclipse.help.base_4.0.201.v20150204-1700.jar:na]
Caused by: java.net.ConnectException: Connection timed out: connect
	at sun.nio.ch.Net.connect0(Native Method) ~[na:1.8.0_40]
	at sun.nio.ch.Net.connect(Unknown Source) ~[na:1.8.0_40]
	at sun.nio.ch.Net.connect(Unknown Source) ~[na:1.8.0_40]
	at sun.nio.ch.SocketChannelImpl.connect(Unknown Source) ~[na:1.8.0_40]
	at java.nio.channels.SocketChannel.open(Unknown Source) ~[na:1.8.0_40]
	at sun.nio.ch.PipeImpl$Initializer$LoopbackConnector.run(Unknown Source) ~[na:1.8.0_40]
	... 22 common frames omitted
2016-04-13 12:09:15,059 [Start Help Server] INFO  org.eclipse.jetty.server.Server - jetty-8.1.16.v20140903
2016-04-13 12:09:36,140 [Start Help Server] WARN  o.e.j.u.component.AbstractLifeCycle - FAILED org.eclipse.jetty.server.nio.SelectChannelConnector$ConnectorSelectorManager@1f7c6b05: java.io.IOException: Unable to establish loopback connection
java.io.IOException: Unable to establish loopback connection
	at sun.nio.ch.PipeImpl$Initializer.run(Unknown Source) ~[na:1.8.0_40]
	at sun.nio.ch.PipeImpl$Initializer.run(Unknown Source) ~[na:1.8.0_40]
	at java.security.AccessController.doPrivileged(Native Method) ~[na:1.8.0_40]
	at sun.nio.ch.PipeImpl.<init>(Unknown Source) ~[na:1.8.0_40]
	at sun.nio.ch.SelectorProviderImpl.openPipe(Unknown Source) ~[na:1.8.0_40]
	at java.nio.channels.Pipe.open(Unknown Source) ~[na:1.8.0_40]
	at sun.nio.ch.WindowsSelectorImpl.<init>(Unknown Source) ~[na:1.8.0_40]
	at sun.nio.ch.WindowsSelectorProvider.openSelector(Unknown Source) ~[na:1.8.0_40]
	at java.nio.channels.Selector.open(Unknown Source) ~[na:1.8.0_40]
	at org.eclipse.jetty.io.nio.SelectorManager$SelectSet.<init>(SelectorManager.java:416) ~[na:na]
	at org.eclipse.jetty.io.nio.SelectorManager.doStart(SelectorManager.java:261) ~[na:na]
	at org.eclipse.jetty.util.component.AbstractLifeCycle.start(AbstractLifeCycle.java:64) [org.eclipse.jetty.util_8.1.16.v20140903.jar:8.1.16.v20140903]
	at org.eclipse.jetty.util.component.AggregateLifeCycle.doStart(AggregateLifeCycle.java:81) [org.eclipse.jetty.util_8.1.16.v20140903.jar:8.1.16.v20140903]
	at org.eclipse.jetty.server.AbstractConnector.doStart(AbstractConnector.java:324) [org.eclipse.jetty.server_8.1.16.v20140903.jar:8.1.16.v20140903]
	at org.eclipse.jetty.server.nio.SelectChannelConnector.doStart(SelectChannelConnector.java:265) [org.eclipse.jetty.server_8.1.16.v20140903.jar:8.1.16.v20140903]
	at org.eclipse.jetty.util.component.AbstractLifeCycle.start(AbstractLifeCycle.java:64) [org.eclipse.jetty.util_8.1.16.v20140903.jar:8.1.16.v20140903]
	at org.eclipse.jetty.server.Server.doStart(Server.java:293) [org.eclipse.jetty.server_8.1.16.v20140903.jar:8.1.16.v20140903]
	at org.eclipse.jetty.util.component.AbstractLifeCycle.start(AbstractLifeCycle.java:64) [org.eclipse.jetty.util_8.1.16.v20140903.jar:8.1.16.v20140903]
	at org.eclipse.equinox.http.jetty.internal.HttpServerManager.updated(HttpServerManager.java:112) [org.eclipse.equinox.http.jetty_3.0.200.v20131021-1843.jar:na]
	at org.eclipse.equinox.http.jetty.internal.Activator.startServer(Activator.java:225) [org.eclipse.equinox.http.jetty_3.0.200.v20131021-1843.jar:na]
	at org.eclipse.equinox.http.jetty.JettyConfigurator.startServer(JettyConfigurator.java:45) [org.eclipse.equinox.http.jetty_3.0.200.v20131021-1843.jar:na]
	at org.eclipse.help.internal.server.JettyHelpServer$StartServerThread.run(JettyHelpServer.java:78) [org.eclipse.help.base_4.0.201.v20150204-1700.jar:na]
Caused by: java.net.ConnectException: Connection timed out: connect
	at sun.nio.ch.Net.connect0(Native Method) ~[na:1.8.0_40]
	at sun.nio.ch.Net.connect(Unknown Source) ~[na:1.8.0_40]
	at sun.nio.ch.Net.connect(Unknown Source) ~[na:1.8.0_40]
	at sun.nio.ch.SocketChannelImpl.connect(Unknown Source) ~[na:1.8.0_40]
	at java.nio.channels.SocketChannel.open(Unknown Source) ~[na:1.8.0_40]
	at sun.nio.ch.PipeImpl$Initializer$LoopbackConnector.run(Unknown Source) ~[na:1.8.0_40]
	... 22 common frames omitted
2016-04-13 12:09:36,143 [Start Help Server] WARN  o.e.j.u.component.AbstractLifeCycle - FAILED SelectChannelConnector@127.0.0.1:63938: java.io.IOException: Unable to establish loopback connection
java.io.IOException: Unable to establish loopback connection
	at sun.nio.ch.PipeImpl$Initializer.run(Unknown Source) ~[na:1.8.0_40]
	at sun.nio.ch.PipeImpl$Initializer.run(Unknown Source) ~[na:1.8.0_40]
	at java.security.AccessController.doPrivileged(Native Method) ~[na:1.8.0_40]
	at sun.nio.ch.PipeImpl.<init>(Unknown Source) ~[na:1.8.0_40]
	at sun.nio.ch.SelectorProviderImpl.openPipe(Unknown Source) ~[na:1.8.0_40]
	at java.nio.channels.Pipe.open(Unknown Source) ~[na:1.8.0_40]
	at sun.nio.ch.WindowsSelectorImpl.<init>(Unknown Source) ~[na:1.8.0_40]
	at sun.nio.ch.WindowsSelectorProvider.openSelector(Unknown Source) ~[na:1.8.0_40]
	at java.nio.channels.Selector.open(Unknown Source) ~[na:1.8.0_40]
	at org.eclipse.jetty.io.nio.SelectorManager$SelectSet.<init>(SelectorManager.java:416) ~[org.eclipse.jetty.io_8.1.16.v20140903.jar:8.1.16.v20140903]
	at org.eclipse.jetty.io.nio.SelectorManager.doStart(SelectorManager.java:261) ~[org.eclipse.jetty.io_8.1.16.v20140903.jar:8.1.16.v20140903]
	at org.eclipse.jetty.util.component.AbstractLifeCycle.start(AbstractLifeCycle.java:64) [org.eclipse.jetty.util_8.1.16.v20140903.jar:8.1.16.v20140903]
	at org.eclipse.jetty.util.component.AggregateLifeCycle.doStart(AggregateLifeCycle.java:81) ~[org.eclipse.jetty.util_8.1.16.v20140903.jar:8.1.16.v20140903]
	at org.eclipse.jetty.server.AbstractConnector.doStart(AbstractConnector.java:324) ~[org.eclipse.jetty.server_8.1.16.v20140903.jar:8.1.16.v20140903]
	at org.eclipse.jetty.server.nio.SelectChannelConnector.doStart(SelectChannelConnector.java:265) ~[org.eclipse.jetty.server_8.1.16.v20140903.jar:8.1.16.v20140903]
	at org.eclipse.jetty.util.component.AbstractLifeCycle.start(AbstractLifeCycle.java:64) [org.eclipse.jetty.util_8.1.16.v20140903.jar:8.1.16.v20140903]
	at org.eclipse.jetty.server.Server.doStart(Server.java:293) [org.eclipse.jetty.server_8.1.16.v20140903.jar:8.1.16.v20140903]
	at org.eclipse.jetty.util.component.AbstractLifeCycle.start(AbstractLifeCycle.java:64) [org.eclipse.jetty.util_8.1.16.v20140903.jar:8.1.16.v20140903]
	at org.eclipse.equinox.http.jetty.internal.HttpServerManager.updated(HttpServerManager.java:112) [org.eclipse.equinox.http.jetty_3.0.200.v20131021-1843.jar:na]
	at org.eclipse.equinox.http.jetty.internal.Activator.startServer(Activator.java:225) [org.eclipse.equinox.http.jetty_3.0.200.v20131021-1843.jar:na]
	at org.eclipse.equinox.http.jetty.JettyConfigurator.startServer(JettyConfigurator.java:45) [org.eclipse.equinox.http.jetty_3.0.200.v20131021-1843.jar:na]
	at org.eclipse.help.internal.server.JettyHelpServer$StartServerThread.run(JettyHelpServer.java:78) [org.eclipse.help.base_4.0.201.v20150204-1700.jar:na]
Caused by: java.net.ConnectException: Connection timed out: connect
	at sun.nio.ch.Net.connect0(Native Method) ~[na:1.8.0_40]
	at sun.nio.ch.Net.connect(Unknown Source) ~[na:1.8.0_40]
	at sun.nio.ch.Net.connect(Unknown Source) ~[na:1.8.0_40]
	at sun.nio.ch.SocketChannelImpl.connect(Unknown Source) ~[na:1.8.0_40]
	at java.nio.channels.SocketChannel.open(Unknown Source) ~[na:1.8.0_40]
	at sun.nio.ch.PipeImpl$Initializer$LoopbackConnector.run(Unknown Source) ~[na:1.8.0_40]
	... 22 common frames omitted
2016-04-13 12:09:36,145 [Start Help Server] WARN  o.e.j.u.component.AbstractLifeCycle - FAILED org.eclipse.jetty.server.Server@64e2d6e: java.io.IOException: Unable to establish loopback connection
java.io.IOException: Unable to establish loopback connection
	at sun.nio.ch.PipeImpl$Initializer.run(Unknown Source) ~[na:1.8.0_40]
	at sun.nio.ch.PipeImpl$Initializer.run(Unknown Source) ~[na:1.8.0_40]
	at java.security.AccessController.doPrivileged(Native Method) ~[na:1.8.0_40]
	at sun.nio.ch.PipeImpl.<init>(Unknown Source) ~[na:1.8.0_40]
	at sun.nio.ch.SelectorProviderImpl.openPipe(Unknown Source) ~[na:1.8.0_40]
	at java.nio.channels.Pipe.open(Unknown Source) ~[na:1.8.0_40]
	at sun.nio.ch.WindowsSelectorImpl.<init>(Unknown Source) ~[na:1.8.0_40]
	at sun.nio.ch.WindowsSelectorProvider.openSelector(Unknown Source) ~[na:1.8.0_40]
	at java.nio.channels.Selector.open(Unknown Source) ~[na:1.8.0_40]
	at org.eclipse.jetty.io.nio.SelectorManager$SelectSet.<init>(SelectorManager.java:416) ~[org.eclipse.jetty.io_8.1.16.v20140903.jar:8.1.16.v20140903]
	at org.eclipse.jetty.io.nio.SelectorManager.doStart(SelectorManager.java:261) ~[org.eclipse.jetty.io_8.1.16.v20140903.jar:8.1.16.v20140903]
	at org.eclipse.jetty.util.component.AbstractLifeCycle.start(AbstractLifeCycle.java:64) ~[org.eclipse.jetty.util_8.1.16.v20140903.jar:8.1.16.v20140903]
	at org.eclipse.jetty.util.component.AggregateLifeCycle.doStart(AggregateLifeCycle.java:81) ~[org.eclipse.jetty.util_8.1.16.v20140903.jar:8.1.16.v20140903]
	at org.eclipse.jetty.server.AbstractConnector.doStart(AbstractConnector.java:324) ~[org.eclipse.jetty.server_8.1.16.v20140903.jar:8.1.16.v20140903]
	at org.eclipse.jetty.server.nio.SelectChannelConnector.doStart(SelectChannelConnector.java:265) ~[org.eclipse.jetty.server_8.1.16.v20140903.jar:8.1.16.v20140903]
	at org.eclipse.jetty.util.component.AbstractLifeCycle.start(AbstractLifeCycle.java:64) ~[org.eclipse.jetty.util_8.1.16.v20140903.jar:8.1.16.v20140903]
	at org.eclipse.jetty.server.Server.doStart(Server.java:293) ~[org.eclipse.jetty.server_8.1.16.v20140903.jar:8.1.16.v20140903]
	at org.eclipse.jetty.util.component.AbstractLifeCycle.start(AbstractLifeCycle.java:64) ~[org.eclipse.jetty.util_8.1.16.v20140903.jar:8.1.16.v20140903]
	at org.eclipse.equinox.http.jetty.internal.HttpServerManager.updated(HttpServerManager.java:112) [org.eclipse.equinox.http.jetty_3.0.200.v20131021-1843.jar:na]
	at org.eclipse.equinox.http.jetty.internal.Activator.startServer(Activator.java:225) [org.eclipse.equinox.http.jetty_3.0.200.v20131021-1843.jar:na]
	at org.eclipse.equinox.http.jetty.JettyConfigurator.startServer(JettyConfigurator.java:45) [org.eclipse.equinox.http.jetty_3.0.200.v20131021-1843.jar:na]
	at org.eclipse.help.internal.server.JettyHelpServer$StartServerThread.run(JettyHelpServer.java:78) [org.eclipse.help.base_4.0.201.v20150204-1700.jar:na]
Caused by: java.net.ConnectException: Connection timed out: connect
	at sun.nio.ch.Net.connect0(Native Method) ~[na:1.8.0_40]
	at sun.nio.ch.Net.connect(Unknown Source) ~[na:1.8.0_40]
	at sun.nio.ch.Net.connect(Unknown Source) ~[na:1.8.0_40]
	at sun.nio.ch.SocketChannelImpl.connect(Unknown Source) ~[na:1.8.0_40]
	at java.nio.channels.SocketChannel.open(Unknown Source) ~[na:1.8.0_40]
	at sun.nio.ch.PipeImpl$Initializer$LoopbackConnector.run(Unknown Source) ~[na:1.8.0_40]
	... 22 common frames omitted
